2025-01-24 23:59:26,685 - __main__ - ERROR - Error updating servers: name 'Json' is not defined
2025-01-25 00:39:08,940 - __main__ - INFO - Successfully updated all resources
2025-01-25 00:43:22,126 - stevedore.extension - ERROR - Could not load 'v3adfspassword': 'NoneType' object has no attribute '_Element'
2025-01-25 00:43:22,132 - stevedore.extension - ERROR - Could not load 'v3samlpassword': 'NoneType' object has no attribute '_Element'
2025-01-25 00:43:22,139 - stevedore.extension - ERROR - Could not load 'v3adfspassword': 'NoneType' object has no attribute '_Element'
2025-01-25 00:43:22,141 - stevedore.extension - ERROR - Could not load 'v3samlpassword': 'NoneType' object has no attribute '_Element'
2025-01-25 01:05:54,527 - stevedore.extension - ERROR - Could not load 'v3adfspassword': 'NoneType' object has no attribute '_Element'
2025-01-25 01:05:54,531 - stevedore.extension - ERROR - Could not load 'v3samlpassword': 'NoneType' object has no attribute '_Element'
2025-01-25 01:05:54,540 - stevedore.extension - ERROR - Could not load 'v3adfspassword': 'NoneType' object has no attribute '_Element'
2025-01-25 01:05:54,543 - stevedore.extension - ERROR - Could not load 'v3samlpassword': 'NoneType' object has no attribute '_Element'
2025-01-25 02:31:00,707 - stevedore.extension - ERROR - Could not load 'v3adfspassword': 'NoneType' object has no attribute '_Element'
2025-01-25 02:31:00,712 - stevedore.extension - ERROR - Could not load 'v3samlpassword': 'NoneType' object has no attribute '_Element'
2025-01-25 02:31:00,716 - stevedore.extension - ERROR - Could not load 'v3adfspassword': 'NoneType' object has no attribute '_Element'
2025-01-25 02:31:00,719 - stevedore.extension - ERROR - Could not load 'v3samlpassword': 'NoneType' object has no attribute '_Element'
2025-01-25 02:32:19,207 - stevedore.extension - ERROR - Could not load 'v3adfspassword': 'NoneType' object has no attribute '_Element'
2025-01-25 02:32:19,212 - stevedore.extension - ERROR - Could not load 'v3samlpassword': 'NoneType' object has no attribute '_Element'
2025-01-25 03:01:10,563 - stevedore.extension - ERROR - Could not load 'v3adfspassword': 'NoneType' object has no attribute '_Element'
2025-01-25 03:01:10,567 - stevedore.extension - ERROR - Could not load 'v3samlpassword': 'NoneType' object has no attribute '_Element'
2025-01-25 03:02:01,489 - stevedore.extension - ERROR - Could not load 'v3adfspassword': 'NoneType' object has no attribute '_Element'
2025-01-25 03:02:01,492 - stevedore.extension - ERROR - Could not load 'v3samlpassword': 'NoneType' object has no attribute '_Element'
2025-01-25 03:02:26,423 - stevedore.extension - ERROR - Could not load 'v3adfspassword': 'NoneType' object has no attribute '_Element'
2025-01-25 03:02:26,428 - stevedore.extension - ERROR - Could not load 'v3samlpassword': 'NoneType' object has no attribute '_Element'
2025-01-25 03:02:27,350 - stevedore.extension - ERROR - Could not load 'v3adfspassword': 'NoneType' object has no attribute '_Element'
2025-01-25 03:02:27,353 - stevedore.extension - ERROR - Could not load 'v3samlpassword': 'NoneType' object has no attribute '_Element'
2025-01-25 03:05:03,579 - stevedore.extension - ERROR - Could not load 'v3adfspassword': 'NoneType' object has no attribute '_Element'
2025-01-25 03:05:03,583 - stevedore.extension - ERROR - Could not load 'v3samlpassword': 'NoneType' object has no attribute '_Element'
2025-01-25 03:05:03,588 - stevedore.extension - ERROR - Could not load 'v3adfspassword': 'NoneType' object has no attribute '_Element'
2025-01-25 03:05:03,591 - stevedore.extension - ERROR - Could not load 'v3samlpassword': 'NoneType' object has no attribute '_Element'
2025-01-25 03:05:03,595 - stevedore.extension - ERROR - Could not load 'v3adfspassword': 'NoneType' object has no attribute '_Element'
2025-01-25 03:05:03,598 - stevedore.extension - ERROR - Could not load 'v3samlpassword': 'NoneType' object has no attribute '_Element'
2025-01-25 03:05:03,602 - stevedore.extension - ERROR - Could not load 'v3adfspassword': 'NoneType' object has no attribute '_Element'
2025-01-25 03:05:03,604 - stevedore.extension - ERROR - Could not load 'v3samlpassword': 'NoneType' object has no attribute '_Element'
2025-01-25 03:05:03,609 - stevedore.extension - ERROR - Could not load 'v3adfspassword': 'NoneType' object has no attribute '_Element'
2025-01-25 03:05:03,611 - stevedore.extension - ERROR - Could not load 'v3samlpassword': 'NoneType' object has no attribute '_Element'
2025-01-27 23:10:28,205 - __main__ - INFO - Successfully updated all resources
2025-01-27 23:30:42,443 - __main__ - INFO - Successfully updated all resources
2025-01-28 00:29:46,825 - __main__ - INFO - Successfully updated all resources
2025-01-28 00:54:28,980 - __main__ - INFO - Successfully updated all resources
2025-01-28 01:01:10,311 - __main__ - INFO - Successfully updated all resources
2025-01-28 01:49:00,375 - __main__ - ERROR - Error updating GPU leases: null value in column "updated_time" of relation "gpu_leases" violates not-null constraint
DETAIL:  Failing row contains (2c3ea7f8-6af7-496a-bff4-bf0e8e0ee337, colab-ffund_nyu_edu-gpu_mi100, a15417cd824f7d6d2972c80331472cba82f9f4ae59c6f3d16b5a5344863b70b3, 477960c4206444c3a77b9e4ffa281ade, 2025-01-28 01:49:00, 2025-02-02 01:48:00, CREATING, 2025-01-28 01:48:58, null, f, 2025-01-28 01:48:57.252651, null).

2025-01-28 01:49:00,376 - __main__ - ERROR - Error in transaction, rolling back: null value in column "updated_time" of relation "gpu_leases" violates not-null constraint
DETAIL:  Failing row contains (2c3ea7f8-6af7-496a-bff4-bf0e8e0ee337, colab-ffund_nyu_edu-gpu_mi100, a15417cd824f7d6d2972c80331472cba82f9f4ae59c6f3d16b5a5344863b70b3, 477960c4206444c3a77b9e4ffa281ade, 2025-01-28 01:49:00, 2025-02-02 01:48:00, CREATING, 2025-01-28 01:48:58, null, f, 2025-01-28 01:48:57.252651, null).

2025-01-28 01:49:00,377 - __main__ - ERROR - Failed to update resources: null value in column "updated_time" of relation "gpu_leases" violates not-null constraint
DETAIL:  Failing row contains (2c3ea7f8-6af7-496a-bff4-bf0e8e0ee337, colab-ffund_nyu_edu-gpu_mi100, a15417cd824f7d6d2972c80331472cba82f9f4ae59c6f3d16b5a5344863b70b3, 477960c4206444c3a77b9e4ffa281ade, 2025-01-28 01:49:00, 2025-02-02 01:48:00, CREATING, 2025-01-28 01:48:58, null, f, 2025-01-28 01:48:57.252651, null).

2025-01-28 01:54:58,717 - __main__ - INFO - Successfully updated all resources
